[0.008s] Invoking command in '/home/ws/build/moveit2_tutorials': CMAKE_PREFIX_PATH=/opt/ros/humble /usr/bin/cmake /home/ws/moveit2_tutorials -DCMAKE_INSTALL_PREFIX=/home/ws/install/moveit2_tutorials
[0.113s] -- The C compiler identification is GNU 11.4.0
[0.179s] -- The CXX compiler identification is GNU 11.4.0
[0.186s] -- Detecting C compiler ABI info
[0.246s] -- Detecting C compiler ABI info - done
[0.250s] -- Check for working C compiler: /usr/bin/cc - skipped
[0.251s] -- Detecting C compile features
[0.251s] -- Detecting C compile features - done
[0.254s] -- Detecting CXX compiler ABI info
[0.315s] -- Detecting CXX compiler ABI info - done
[0.321s] -- Check for working CXX compiler: /usr/bin/c++ - skipped
[0.321s] -- Detecting CXX compile features
[0.321s] -- Detecting CXX compile features - done
[0.323s] -- Found moveit_common: 2.5.9 (/opt/ros/humble/share/moveit_common/cmake)
[0.325s] -- Found ament_cmake: 1.3.12 (/opt/ros/humble/share/ament_cmake/cmake)
[0.424s] -- Found Python3: /usr/bin/python3 (found version "3.10.12") found components: Interpreter 
[0.538s] [0mmoveit2_tutorials: You did not request a specific build type: Choosing 'Release' for maximum performance[0m
[0.708s] -- Found Boost: /usr/lib/x86_64-linux-gnu/cmake/Boost-1.74.0/BoostConfig.cmake (found version "1.74.0") found components: system filesystem date_time thread 
[0.711s] -- Found control_msgs: 4.8.0 (/opt/ros/humble/share/control_msgs/cmake)
[0.743s] -- Found rosidl_generator_c: 3.1.7 (/opt/ros/humble/share/rosidl_generator_c/cmake)
[0.747s] -- Found rosidl_adapter: 3.1.7 (/opt/ros/humble/share/rosidl_adapter/cmake)
[0.754s] -- Found rosidl_generator_cpp: 3.1.7 (/opt/ros/humble/share/rosidl_generator_cpp/cmake)
[0.763s] -- Using all available rosidl_typesupport_c: rosidl_typesupport_fastrtps_c;rosidl_typesupport_introspection_c
[0.775s] -- Using all available rosidl_typesupport_cpp: rosidl_typesupport_fastrtps_cpp;rosidl_typesupport_introspection_cpp
[0.865s] -- Found moveit_core: 2.5.9 (/opt/ros/humble/share/moveit_core/cmake)
[0.877s] -- Found Boost: /usr/lib/x86_64-linux-gnu/cmake/Boost-1.74.0/BoostConfig.cmake (found version "1.74.0") found components: chrono date_time filesystem iostreams program_options regex serialization system thread 
[0.901s] -- Found parameter_traits: 0.5.0 (/opt/ros/humble/share/parameter_traits/cmake)
[0.936s] -- Found rmw_implementation_cmake: 6.1.2 (/opt/ros/humble/share/rmw_implementation_cmake/cmake)
[0.939s] -- Found rmw_fastrtps_cpp: 6.2.8 (/opt/ros/humble/share/rmw_fastrtps_cpp/cmake)
[1.010s] -- Found OpenSSL: /usr/lib/x86_64-linux-gnu/libcrypto.so (found version "3.0.2")  
[1.030s] -- Found FastRTPS: /opt/ros/humble/include  
[1.059s] -- Using RMW implementation 'rmw_fastrtps_cpp' as default
[1.068s] -- Found Threads: TRUE  
[1.101s] -- Found rclcpp_lifecycle: 16.0.14 (/opt/ros/humble/share/rclcpp_lifecycle/cmake)
[1.125s] -- Found Boost: /usr/lib/x86_64-linux-gnu/cmake/Boost-1.74.0/BoostConfig.cmake (found version "1.74.0") found components: filesystem 
[1.198s] -- library: /usr/lib/x86_64-linux-gnu/libcurl.so
[1.241s] -- Found Eigen3: TRUE (found version "3.4.0") 
[1.241s] -- Ensuring Eigen3 include directory is part of orocos-kdl CMake target
[1.391s] [31mCMake Error at CMakeLists.txt:13 (find_package):
[1.391s]   By not providing "Findmoveit_task_constructor_core.cmake" in
[1.391s]   CMAKE_MODULE_PATH this project has asked CMake to find a package
[1.391s]   configuration file provided by "moveit_task_constructor_core", but CMake
[1.391s]   did not find one.
[1.391s] 
[1.391s]   Could not find a package configuration file provided by
[1.392s]   "moveit_task_constructor_core" with any of the following names:
[1.392s] 
[1.392s]     moveit_task_constructor_coreConfig.cmake
[1.392s]     moveit_task_constructor_core-config.cmake
[1.392s] 
[1.392s]   Add the installation prefix of "moveit_task_constructor_core" to
[1.392s]   CMAKE_PREFIX_PATH or set "moveit_task_constructor_core_DIR" to a directory
[1.392s]   containing one of the above files.  If "moveit_task_constructor_core"
[1.392s]   provides a separate development package or SDK, be sure it has been
[1.392s]   installed.
[1.392s] 
[1.392s] [0m
[1.392s] -- Configuring incomplete, errors occurred!
[1.392s] See also "/home/ws/build/moveit2_tutorials/CMakeFiles/CMakeOutput.log".
[1.398s] Invoked command in '/home/ws/build/moveit2_tutorials' returned '1': CMAKE_PREFIX_PATH=/opt/ros/humble /usr/bin/cmake /home/ws/moveit2_tutorials -DCMAKE_INSTALL_PREFIX=/home/ws/install/moveit2_tutorials
